<?xml version="1.0" encoding="UTF-8"?>
<testsuite xmlns:xsi="http://www.w3.org/2001/XMLSchema-instance" xsi:noNamespaceSchemaLocation="https://maven.apache.org/surefire/maven-surefire-plugin/xsd/surefire-test-report.xsd" name="TestSuite" time="18.94" tests="2" errors="0" skipped="0" failures="0">
  <properties>
    <property name="sun.desktop" value="windows"/>
    <property name="awt.toolkit" value="sun.awt.windows.WToolkit"/>
    <property name="file.encoding.pkg" value="sun.io"/>
    <property name="java.specification.version" value="1.8"/>
    <property name="sun.cpu.isalist" value="amd64"/>
    <property name="sun.jnu.encoding" value="Cp1252"/>
    <property name="java.class.path" value="C:\Users\ankur.a.verma\IdeaProjects\TeamRepo\target\test-classes;C:\Users\ankur.a.verma\IdeaProjects\TeamRepo\target\classes;C:\Users\ankur.a.verma\.m2\repository\org\test\DesignPatterns\1.2-SNAPSHOT\DesignPatterns-1.2-SNAPSHOT.jar;C:\Users\ankur.a.verma\.m2\repository\org\seleniumhq\selenium\selenium-chrome-driver\3.141.59\selenium-chrome-driver-3.141.59.jar;C:\Users\ankur.a.verma\.m2\repository\org\seleniumhq\selenium\selenium-api\3.141.59\selenium-api-3.141.59.jar;C:\Users\ankur.a.verma\.m2\repository\org\seleniumhq\selenium\selenium-remote-driver\3.141.59\selenium-remote-driver-3.141.59.jar;C:\Users\ankur.a.verma\.m2\repository\net\bytebuddy\byte-buddy\1.8.15\byte-buddy-1.8.15.jar;C:\Users\ankur.a.verma\.m2\repository\org\apache\commons\commons-exec\1.3\commons-exec-1.3.jar;C:\Users\ankur.a.verma\.m2\repository\com\google\guava\guava\25.0-jre\guava-25.0-jre.jar;C:\Users\ankur.a.verma\.m2\repository\com\google\code\findbugs\jsr305\1.3.9\jsr305-1.3.9.jar;C:\Users\ankur.a.verma\.m2\repository\org\checkerframework\checker-compat-qual\2.0.0\checker-compat-qual-2.0.0.jar;C:\Users\ankur.a.verma\.m2\repository\com\google\errorprone\error_prone_annotations\2.1.3\error_prone_annotations-2.1.3.jar;C:\Users\ankur.a.verma\.m2\repository\com\google\j2objc\j2objc-annotations\1.1\j2objc-annotations-1.1.jar;C:\Users\ankur.a.verma\.m2\repository\org\codehaus\mojo\animal-sniffer-annotations\1.14\animal-sniffer-annotations-1.14.jar;C:\Users\ankur.a.verma\.m2\repository\com\squareup\okhttp3\okhttp\3.11.0\okhttp-3.11.0.jar;C:\Users\ankur.a.verma\.m2\repository\com\squareup\okio\okio\1.14.0\okio-1.14.0.jar;C:\Users\ankur.a.verma\.m2\repository\io\github\bonigarcia\webdrivermanager\3.8.1\webdrivermanager-3.8.1.jar;C:\Users\ankur.a.verma\.m2\repository\org\slf4j\slf4j-api\1.7.25\slf4j-api-1.7.25.jar;C:\Users\ankur.a.verma\.m2\repository\com\google\code\gson\gson\2.8.5\gson-2.8.5.jar;C:\Users\ankur.a.verma\.m2\repository\org\apache\commons\commons-lang3\3.8.1\commons-lang3-3.8.1.jar;C:\Users\ankur.a.verma\.m2\repository\org\apache\httpcomponents\httpclient\4.5.6\httpclient-4.5.6.jar;C:\Users\ankur.a.verma\.m2\repository\org\apache\httpcomponents\httpcore\4.4.10\httpcore-4.4.10.jar;C:\Users\ankur.a.verma\.m2\repository\commons-logging\commons-logging\1.2\commons-logging-1.2.jar;C:\Users\ankur.a.verma\.m2\repository\commons-codec\commons-codec\1.10\commons-codec-1.10.jar;C:\Users\ankur.a.verma\.m2\repository\org\rauschig\jarchivelib\1.0.0\jarchivelib-1.0.0.jar;C:\Users\ankur.a.verma\.m2\repository\org\apache\commons\commons-compress\1.18\commons-compress-1.18.jar;C:\Users\ankur.a.verma\.m2\repository\org\jsoup\jsoup\1.11.3\jsoup-1.11.3.jar;C:\Users\ankur.a.verma\.m2\repository\com\fasterxml\jackson\core\jackson-core\2.12.4\jackson-core-2.12.4.jar;C:\Users\ankur.a.verma\.m2\repository\com\fasterxml\jackson\core\jackson-databind\2.12.4\jackson-databind-2.12.4.jar;C:\Users\ankur.a.verma\.m2\repository\com\fasterxml\jackson\core\jackson-annotations\2.12.4\jackson-annotations-2.12.4.jar;C:\Users\ankur.a.verma\.m2\repository\org\seleniumhq\selenium\selenium-java\3.141.59\selenium-java-3.141.59.jar;C:\Users\ankur.a.verma\.m2\repository\org\seleniumhq\selenium\selenium-edge-driver\3.141.59\selenium-edge-driver-3.141.59.jar;C:\Users\ankur.a.verma\.m2\repository\org\seleniumhq\selenium\selenium-firefox-driver\3.141.59\selenium-firefox-driver-3.141.59.jar;C:\Users\ankur.a.verma\.m2\repository\org\seleniumhq\selenium\selenium-ie-driver\3.141.59\selenium-ie-driver-3.141.59.jar;C:\Users\ankur.a.verma\.m2\repository\org\seleniumhq\selenium\selenium-opera-driver\3.141.59\selenium-opera-driver-3.141.59.jar;C:\Users\ankur.a.verma\.m2\repository\org\seleniumhq\selenium\selenium-safari-driver\3.141.59\selenium-safari-driver-3.141.59.jar;C:\Users\ankur.a.verma\.m2\repository\org\seleniumhq\selenium\selenium-support\3.141.59\selenium-support-3.141.59.jar;C:\Users\ankur.a.verma\.m2\repository\commons-io\commons-io\2.8.0\commons-io-2.8.0.jar;C:\Users\ankur.a.verma\.m2\repository\org\testng\testng\7.4.0\testng-7.4.0.jar;C:\Users\ankur.a.verma\.m2\repository\com\beust\jcommander\1.78\jcommander-1.78.jar;C:\Users\ankur.a.verma\.m2\repository\org\webjars\jquery\3.5.1\jquery-3.5.1.jar;"/>
    <property name="java.vm.vendor" value="Azul Systems, Inc."/>
    <property name="sun.arch.data.model" value="64"/>
    <property name="user.variant" value=""/>
    <property name="java.vendor.url" value="http://www.azulsystems.com/"/>
    <property name="user.timezone" value="Asia/Calcutta"/>
    <property name="java.vm.specification.version" value="1.8"/>
    <property name="os.name" value="Windows 10"/>
    <property name="user.country" value="US"/>
    <property name="sun.java.launcher" value="SUN_STANDARD"/>
    <property name="sun.boot.library.path" value="C:\zulu8.15.0.1-jdk8.0.92-win_x64\jre\bin"/>
    <property name="sun.java.command" value="C:\Users\ANKURA~1.VER\AppData\Local\Temp\surefire8450750967610290823\surefirebooter6027160953543727755.jar C:\Users\ankur.a.verma\AppData\Local\Temp\surefire8450750967610290823 2021-08-22T11-46-13_831-jvmRun1 surefire1581960694120301361tmp surefire_06100276328200401656tmp"/>
    <property name="surefire.test.class.path" value="C:\Users\ankur.a.verma\IdeaProjects\TeamRepo\target\test-classes;C:\Users\ankur.a.verma\IdeaProjects\TeamRepo\target\classes;C:\Users\ankur.a.verma\.m2\repository\org\test\DesignPatterns\1.2-SNAPSHOT\DesignPatterns-1.2-SNAPSHOT.jar;C:\Users\ankur.a.verma\.m2\repository\org\seleniumhq\selenium\selenium-chrome-driver\3.141.59\selenium-chrome-driver-3.141.59.jar;C:\Users\ankur.a.verma\.m2\repository\org\seleniumhq\selenium\selenium-api\3.141.59\selenium-api-3.141.59.jar;C:\Users\ankur.a.verma\.m2\repository\org\seleniumhq\selenium\selenium-remote-driver\3.141.59\selenium-remote-driver-3.141.59.jar;C:\Users\ankur.a.verma\.m2\repository\net\bytebuddy\byte-buddy\1.8.15\byte-buddy-1.8.15.jar;C:\Users\ankur.a.verma\.m2\repository\org\apache\commons\commons-exec\1.3\commons-exec-1.3.jar;C:\Users\ankur.a.verma\.m2\repository\com\google\guava\guava\25.0-jre\guava-25.0-jre.jar;C:\Users\ankur.a.verma\.m2\repository\com\google\code\findbugs\jsr305\1.3.9\jsr305-1.3.9.jar;C:\Users\ankur.a.verma\.m2\repository\org\checkerframework\checker-compat-qual\2.0.0\checker-compat-qual-2.0.0.jar;C:\Users\ankur.a.verma\.m2\repository\com\google\errorprone\error_prone_annotations\2.1.3\error_prone_annotations-2.1.3.jar;C:\Users\ankur.a.verma\.m2\repository\com\google\j2objc\j2objc-annotations\1.1\j2objc-annotations-1.1.jar;C:\Users\ankur.a.verma\.m2\repository\org\codehaus\mojo\animal-sniffer-annotations\1.14\animal-sniffer-annotations-1.14.jar;C:\Users\ankur.a.verma\.m2\repository\com\squareup\okhttp3\okhttp\3.11.0\okhttp-3.11.0.jar;C:\Users\ankur.a.verma\.m2\repository\com\squareup\okio\okio\1.14.0\okio-1.14.0.jar;C:\Users\ankur.a.verma\.m2\repository\io\github\bonigarcia\webdrivermanager\3.8.1\webdrivermanager-3.8.1.jar;C:\Users\ankur.a.verma\.m2\repository\org\slf4j\slf4j-api\1.7.25\slf4j-api-1.7.25.jar;C:\Users\ankur.a.verma\.m2\repository\com\google\code\gson\gson\2.8.5\gson-2.8.5.jar;C:\Users\ankur.a.verma\.m2\repository\org\apache\commons\commons-lang3\3.8.1\commons-lang3-3.8.1.jar;C:\Users\ankur.a.verma\.m2\repository\org\apache\httpcomponents\httpclient\4.5.6\httpclient-4.5.6.jar;C:\Users\ankur.a.verma\.m2\repository\org\apache\httpcomponents\httpcore\4.4.10\httpcore-4.4.10.jar;C:\Users\ankur.a.verma\.m2\repository\commons-logging\commons-logging\1.2\commons-logging-1.2.jar;C:\Users\ankur.a.verma\.m2\repository\commons-codec\commons-codec\1.10\commons-codec-1.10.jar;C:\Users\ankur.a.verma\.m2\repository\org\rauschig\jarchivelib\1.0.0\jarchivelib-1.0.0.jar;C:\Users\ankur.a.verma\.m2\repository\org\apache\commons\commons-compress\1.18\commons-compress-1.18.jar;C:\Users\ankur.a.verma\.m2\repository\org\jsoup\jsoup\1.11.3\jsoup-1.11.3.jar;C:\Users\ankur.a.verma\.m2\repository\com\fasterxml\jackson\core\jackson-core\2.12.4\jackson-core-2.12.4.jar;C:\Users\ankur.a.verma\.m2\repository\com\fasterxml\jackson\core\jackson-databind\2.12.4\jackson-databind-2.12.4.jar;C:\Users\ankur.a.verma\.m2\repository\com\fasterxml\jackson\core\jackson-annotations\2.12.4\jackson-annotations-2.12.4.jar;C:\Users\ankur.a.verma\.m2\repository\org\seleniumhq\selenium\selenium-java\3.141.59\selenium-java-3.141.59.jar;C:\Users\ankur.a.verma\.m2\repository\org\seleniumhq\selenium\selenium-edge-driver\3.141.59\selenium-edge-driver-3.141.59.jar;C:\Users\ankur.a.verma\.m2\repository\org\seleniumhq\selenium\selenium-firefox-driver\3.141.59\selenium-firefox-driver-3.141.59.jar;C:\Users\ankur.a.verma\.m2\repository\org\seleniumhq\selenium\selenium-ie-driver\3.141.59\selenium-ie-driver-3.141.59.jar;C:\Users\ankur.a.verma\.m2\repository\org\seleniumhq\selenium\selenium-opera-driver\3.141.59\selenium-opera-driver-3.141.59.jar;C:\Users\ankur.a.verma\.m2\repository\org\seleniumhq\selenium\selenium-safari-driver\3.141.59\selenium-safari-driver-3.141.59.jar;C:\Users\ankur.a.verma\.m2\repository\org\seleniumhq\selenium\selenium-support\3.141.59\selenium-support-3.141.59.jar;C:\Users\ankur.a.verma\.m2\repository\commons-io\commons-io\2.8.0\commons-io-2.8.0.jar;C:\Users\ankur.a.verma\.m2\repository\org\testng\testng\7.4.0\testng-7.4.0.jar;C:\Users\ankur.a.verma\.m2\repository\com\beust\jcommander\1.78\jcommander-1.78.jar;C:\Users\ankur.a.verma\.m2\repository\org\webjars\jquery\3.5.1\jquery-3.5.1.jar;"/>
    <property name="sun.cpu.endian" value="little"/>
    <property name="user.home" value="C:\Users\ankur.a.verma"/>
    <property name="user.language" value="en"/>
    <property name="java.specification.vendor" value="Oracle Corporation"/>
    <property name="java.home" value="C:\zulu8.15.0.1-jdk8.0.92-win_x64\jre"/>
    <property name="basedir" value="C:\Users\ankur.a.verma\IdeaProjects\TeamRepo"/>
    <property name="file.separator" value="\"/>
    <property name="line.separator" value="&#10;"/>
    <property name="java.vm.specification.vendor" value="Oracle Corporation"/>
    <property name="java.specification.name" value="Java Platform API Specification"/>
    <property name="java.awt.graphicsenv" value="sun.awt.Win32GraphicsEnvironment"/>
    <property name="surefire.real.class.path" value="C:\Users\ANKURA~1.VER\AppData\Local\Temp\surefire8450750967610290823\surefirebooter6027160953543727755.jar"/>
    <property name="sun.boot.class.path" value="C:\zulu8.15.0.1-jdk8.0.92-win_x64\jre\lib\resources.jar;C:\zulu8.15.0.1-jdk8.0.92-win_x64\jre\lib\rt.jar;C:\zulu8.15.0.1-jdk8.0.92-win_x64\jre\lib\sunrsasign.jar;C:\zulu8.15.0.1-jdk8.0.92-win_x64\jre\lib\jsse.jar;C:\zulu8.15.0.1-jdk8.0.92-win_x64\jre\lib\jce.jar;C:\zulu8.15.0.1-jdk8.0.92-win_x64\jre\lib\charsets.jar;C:\zulu8.15.0.1-jdk8.0.92-win_x64\jre\lib\jfr.jar;C:\zulu8.15.0.1-jdk8.0.92-win_x64\jre\classes"/>
    <property name="user.script" value=""/>
    <property name="sun.management.compiler" value="HotSpot 64-Bit Tiered Compilers"/>
    <property name="java.runtime.version" value="1.8.0_92-b15"/>
    <property name="user.name" value="ankur.a.verma"/>
    <property name="path.separator" value=";"/>
    <property name="os.version" value="10.0"/>
    <property name="java.endorsed.dirs" value="C:\zulu8.15.0.1-jdk8.0.92-win_x64\jre\lib\endorsed"/>
    <property name="java.runtime.name" value="OpenJDK Runtime Environment"/>
    <property name="file.encoding" value="Cp1252"/>
    <property name="java.vm.name" value="OpenJDK 64-Bit Server VM"/>
    <property name="localRepository" value="C:\Users\ankur.a.verma\.m2\repository"/>
    <property name="java.vendor.url.bug" value="http://www.azulsystems.com/support/"/>
    <property name="java.io.tmpdir" value="C:\Users\ANKURA~1.VER\AppData\Local\Temp\"/>
    <property name="java.version" value="1.8.0_92"/>
    <property name="user.dir" value="C:\Users\ankur.a.verma\IdeaProjects\TeamRepo"/>
    <property name="os.arch" value="amd64"/>
    <property name="java.vm.specification.name" value="Java Virtual Machine Specification"/>
    <property name="java.awt.printerjob" value="sun.awt.windows.WPrinterJob"/>
    <property name="sun.os.patch.level" value=""/>
    <property name="java.library.path" value="C:\zulu8.15.0.1-jdk8.0.92-win_x64\jre\bin;C:\windows\Sun\Java\bin;C:\windows\system32;C:\windows;C:\ProgramData\DockerDesktop\version-bin;C:\Program Files\Docker\Docker\Resources\bin;C:\Program Files (x86)\Common Files\Oracle\Java\javapath;C:\Program Files (x86)\Intel\Intel(R) Management Engine Components\iCLS\;C:\Program Files\Intel\Intel(R) Management Engine Components\iCLS\;C:\Program Files\Common Files\Microsoft Shared\Microsoft Online Services;C:\Program Files (x86)\Common Files\Microsoft Shared\Microsoft Online Services;C:\windows\system32;C:\windows;C:\windows\System32\Wbem;C:\windows\System32\WindowsPowerShell\v1.0\;C:\windows\System32\OpenSSH\;C:\Program Files\Dell\Dell Data Protection\Encryption\;C:\Program Files (x86)\Intel\Intel(R) Management Engine Components\DAL;C:\Program Files\Intel\Intel(R) Management Engine Components\DAL;C:\Program Files\Intel\WiFi\bin\;C:\Program Files\Common Files\Intel\WirelessCommon\;C:\Program Files\Git\bin\git.exe;C:\Program Files\Git\cmd;C:\zulu8.15.0.1-jdk8.0.92-win_x64\bin\;C:\Program Files\nodejs\;C:\Users\ankur.a.verma\AppData\Local\Android\Sdk\tools\bin;C:\Users\ankur.a.verma\AppData\Local\Android\Sdk\tools;C:\Users\ankur.a.verma\AppData\Local\Android\Sdk\platform-tools;C:\Program Files\nodejs\node_modules\npm\bin;C:\apache-maven-3.8.1-bin\apache-maven-3.8.1\bin;C:\Users\ankur.a.verma\AppData\Local\Programs\Python\Python36\Scripts\;C:\Users\ankur.a.verma\AppData\Local\Programs\Python\Python36\;C:\Users\ankur.a.verma\AppData\Local\Microsoft\WindowsApps;C:\zulu8.15.0.1-jdk8.0.92-win_x64\bin\;C:\Users\ankur.a.verma\AppData\Local\Google\Cloud SDK\google-cloud-sdk\bin;C:\Users\ankur.a.verma\AppData\Roaming\npm;C:\Users\ankur.a.verma\AppData\Local\Programs\Microsoft VS Code\bin;."/>
    <property name="java.vm.info" value="mixed mode"/>
    <property name="java.vendor" value="Azul Systems, Inc."/>
    <property name="java.vm.version" value="25.92-b15"/>
    <property name="java.ext.dirs" value="C:\zulu8.15.0.1-jdk8.0.92-win_x64\jre\lib\ext;C:\windows\Sun\Java\lib\ext"/>
    <property name="sun.io.unicode.encoding" value="UnicodeLittle"/>
    <property name="java.class.version" value="52.0"/>
  </properties>
  <testcase name="flightTest" classname="org.myrepo.DemoTest" time="7.819"/>
  <testcase name="flightTest" classname="org.myrepo.DemoTest" time="7.041"/>
</testsuite>