<?xml version="1.0" encoding="UTF-8"?>
<!-- Generated by org.testng.reporters.JUnitReportReporter -->
<testsuite skipped="0" hostname="IN-2N88TT2" name="org.myrepo.DemoTest" tests="2" failures="0" timestamp="2021-08-22T11:46:33 IST" time="14.858" errors="0">
  <testcase name="flightTest" time="7.042" classname="org.myrepo.DemoTest"/>
  <system-out/>
  <testcase name="flightTest" time="7.816" classname="org.myrepo.DemoTest"/>
  <system-out/>
</testsuite> <!-- org.myrepo.DemoTest -->
